<?xml version="1.0" encoding="UTF-8"?>
<!-- Generated by org.testng.reporters.JUnitReportReporter -->
<testsuite hostname="WS-024" failures="0" tests="6" name="com.e2e.OpenContactsOrClientTest" time="58.178" errors="0" timestamp="2025-03-20T14:55:35 MSK" skipped="0">
  <testcase classname="com.e2e.OpenContactsOrClientTest" name="createContactAndClient" time="13.137"/>
  <testcase classname="com.e2e.OpenContactsOrClientTest" name="fillClientFormAndAuthorize" time="12.266"/>
  <testcase classname="com.e2e.OpenContactsOrClientTest" name="approveClientInSecondWindow" time="8.928"/>
  <testcase classname="com.e2e.OpenContactsOrClientTest" name="setAndApproveCreditLimit" time="12.346"/>
  <testcase classname="com.e2e.OpenContactsOrClientTest" name="setApproverCd" time="11.492"/>
  <testcase classname="com.e2e.OpenContactsOrClientTest" name="OpenWindow" time="0.009"/>
</testsuite> <!-- com.e2e.OpenContactsOrClientTest -->
