<?xml version="1.0" encoding="UTF-8"?>
<!-- Generated by org.testng.reporters.JUnitReportReporter -->
<testsuite hostname="WS-024" failures="0" tests="12" name="com.example.CreateOrderNewTest" time="41.440" errors="0" timestamp="2025-02-20T16:30:29 MSK" skipped="0">
  <testcase classname="com.example.CreateOrderNewTest" name="login" time="0.794"/>
  <testcase classname="com.example.CreateOrderNewTest" name="openZayavkaPage" time="0.050"/>
  <testcase classname="com.example.CreateOrderNewTest" name="createNewZayavka" time="6.011"/>
  <testcase classname="com.example.CreateOrderNewTest" name="fillOrderForm" time="3.276"/>
  <testcase classname="com.example.CreateOrderNewTest" name="processOrder" time="1.208"/>
  <testcase classname="com.example.CreateOrderNewTest" name="setPlannedDates" time="5.786"/>
  <testcase classname="com.example.CreateOrderNewTest" name="orderFull" time="2.377"/>
  <testcase classname="com.example.CreateOrderNewTest" name="vehiclePlanning" time="4.821"/>
  <testcase classname="com.example.CreateOrderNewTest" name="goToVehile" time="5.129"/>
  <testcase classname="com.example.CreateOrderNewTest" name="goToServices" time="0.708"/>
  <testcase classname="com.example.CreateOrderNewTest" name="processServices" time="1.585"/>
  <testcase classname="com.example.CreateOrderNewTest" name="finalizeInvoice" time="9.695"/>
</testsuite> <!-- com.example.CreateOrderNewTest -->
